Active-HDL 9.1.2353.4205  2023-09-19 11:18:51

Elaboration top modules:
Architecture                  arc_memo(ent_memo)


------------------------------------------------------------------------------------------
Entity   | Architecture | Library | Info | Compiler Version         | Compilation Options
------------------------------------------------------------------------------------------
ent_memo | arc_memo     | pr1313  |      | 9.1.2353.4205  (Windows) | -O3
------------------------------------------------------------------------------------------

------------------------------------------------------------------------------------------
VHDL Package            | Library | Info | Compiler Version         | Compilation Options
------------------------------------------------------------------------------------------
standard                | std     |      |                          | <unavailable>
TEXTIO                  | std     |      | 9.1.2353.4205  (Windows) |  -2008
std_logic_1164          | ieee    |      | 9.1.2353.4205  (Windows) |  -2008
------------------------------------------------------------------------------------------

------------------------------------------------------------------------------------------
Library                 | Comment
------------------------------------------------------------------------------------------
ieee                    | Standard IEEE packages library
pr1313                  | None
std                     | Standard VHDL library
------------------------------------------------------------------------------------------


Simulation Options: asim -O5 +access +r +m+ent_memo ent_memo arc_memo

